#
# A fatal error has been detected by the Java Runtime Environment:
#
#  EXCEPTION_ACCESS_VIOLATION (0xc0000005) at pc=0x00007ff8a20e9163, pid=78300, tid=34408
#
# JRE version: Java(TM) SE Runtime Environment (13.0.2+8) (build 13.0.2+8)
# Java VM: Java HotSpot(TM) 64-Bit Server VM (13.0.2+8, mixed mode, sharing, tiered, compressed oops, g1 gc, windows-amd64)
# Problematic frame:
# V  [jvm.dll+0x389163]
#
# No core dump will be written. Minidumps are not enabled by default on client versions of Windows
#
# If you would like to submit a bug report, please visit:
#   http://bugreport.java.com/bugreport/crash.jsp
#

---------------  S U M M A R Y ------------

Command Line: -Djava.library.path=C:\Users\harte\Desktop\Ignite_JNI\JNIPassingVec\src -javaagent:C:\Program Files\JetBrains\IntelliJ IDEA Community Edition 2019.3.2\lib\idea_rt.jar=61079:C:\Program Files\JetBrains\IntelliJ IDEA Community Edition 2019.3.2\bin -Dfile.encoding=UTF-8 passvecjni

Host: Intel(R) Core(TM) i7-1065G7 CPU @ 1.30GHz, 8 cores, 15G,  Windows 10 , 64 bit Build 18362 (10.0.18362.329)
Time: Tue Apr 21 11:59:20 2020 Pacific Daylight Time elapsed time: 0 seconds (0d 0h 0m 0s)

---------------  T H R E A D  ---------------

Current thread (0x0000023aea81c800):  JavaThread "main" [_thread_in_vm, id=34408, stack(0x000000d899500000,0x000000d899600000)]

Stack: [0x000000d899500000,0x000000d899600000],  sp=0x000000d8995feeb8,  free space=1019k
Native frames: (J=compiled Java code, j=interpreted, Vv=VM code, C=native code)
V  [jvm.dll+0x389163]

Java frames: (J=compiled Java code, j=interpreted, Vv=VM code)
j  passvecjni.passvec(Ljava/util/ArrayList;I)V+0
j  passvecjni.main([Ljava/lang/String;)V+34
v  ~StubRoutines::call_stub

siginfo: EXCEPTION_ACCESS_VIOLATION (0xc0000005), reading address 0x0000000000000014


Register to memory mapping:

RIP=0x00007ff8a20e9163 jvm.dll
RAX=0x000000000000000c is an unknown value
RBX=0x0000023aea81c800 is a thread
RCX=0x00000007132da6c8 is an oop: [Ljava.lang.reflect.TypeVariable; 
{0x00000007132da6c8} - klass: 'java/lang/reflect/TypeVariable'[]
 - length: 1
RDX=0x0000000000000008 is an unknown value
RSP=0x000000d8995feeb8 is pointing into the stack for thread: 0x0000023aea81c800
RBP=0x0000000000000008 is an unknown value
RSI=0x0 is NULL
RDI=0x00000007132da6c8 is an oop: [Ljava.lang.reflect.TypeVariable; 
{0x00000007132da6c8} - klass: 'java/lang/reflect/TypeVariable'[]
 - length: 1
R8 =0x000000000000000c is an unknown value
R9 =0x0000000000000002 is an unknown value
R10=0x0000000000000001 is an unknown value
R11=0x0000000000000010 is an unknown value
R12=0x0 is NULL
R13=0x0000023aff728e30 is pointing into metadata
R14=0x000000d8995ff000 is pointing into the stack for thread: 0x0000023aea81c800
R15=0x0 is NULL


Registers:
RAX=0x000000000000000c, RBX=0x0000023aea81c800, RCX=0x00000007132da6c8, RDX=0x0000000000000008
RSP=0x000000d8995feeb8, RBP=0x0000000000000008, RSI=0x0000000000000000, RDI=0x00000007132da6c8
R8 =0x000000000000000c, R9 =0x0000000000000002, R10=0x0000000000000001, R11=0x0000000000000010
R12=0x0000000000000000, R13=0x0000023aff728e30, R14=0x000000d8995ff000, R15=0x0000000000000000
RIP=0x00007ff8a20e9163, EFLAGS=0x0000000000010202

Top of Stack: (sp=0x000000d8995feeb8)
0x000000d8995feeb8:   00007ff8a21232b6 0000023aea81c800
0x000000d8995feec8:   0000000000000000 0000023aea81c800
0x000000d8995feed8:   00007ff8a212ad72 0000023aea81c800
0x000000d8995feee8:   0000000000000000 00000000ea81ccc0
0x000000d8995feef8:   0000023a0000000d 000000d8995feda0
0x000000d8995fef08:   000000d8995fef98 0000023aea81c800
0x000000d8995fef18:   000000d8995ff0c8 0000023aff728e30
0x000000d8995fef28:   0000000000000000 0000023aea81c800
0x000000d8995fef38:   000000d8995ff0c8 0000000000000002
0x000000d8995fef48:   00007ff8e0883fe0 0000023aff728e38
0x000000d8995fef58:   000000d8995ff098 0000000000000000
0x000000d8995fef68:   0000023aff2049c8 0000000000000002
0x000000d8995fef78:   00007ff8e0881237 0000023aea81cb10
0x000000d8995fef88:   0000023aff2049c8 0000000000000000
0x000000d8995fef98:   0000000000000000 000000d800000000
0x000000d8995fefa8:   0000023aff2049c0 0000023aff315c48 

Instructions: (pc=0x00007ff8a20e9163)
0x00007ff8a20e9063:   c3 cc cc cc cc cc cc cc cc cc cc cc cc 48 63 15
0x00007ff8a20e9073:   f9 21 6f 00 48 ff 25 02 a2 66 00 cc cc 48 63 15
0x00007ff8a20e9083:   c9 21 6f 00 48 ff 25 f2 a1 66 00 cc cc 48 63 15
0x00007ff8a20e9093:   65 21 6f 00 48 ff 25 e2 a1 66 00 cc cc 48 63 15
0x00007ff8a20e90a3:   05 dd 66 00 48 ff 25 d2 a1 66 00 cc cc 40 53 48
0x00007ff8a20e90b3:   83 ec 20 48 63 15 2b 20 6f 00 48 8b d9 ff 15 ba
0x00007ff8a20e90c3:   a1 66 00 4c 8b c8 48 85 c0 74 6a 44 0f b6 15 eb
0x00007ff8a20e90d3:   11 6f 00 b8 0c 00 00 00 48 63 0d 12 20 6f 00 45
0x00007ff8a20e90e3:   84 d2 41 bb 10 00 00 00 41 8b d3 0f 45 d0 0f b6
0x00007ff8a20e90f3:   04 19 46 8b 04 0a 41 8b d0 d1 fa 84 c0 41 0f 44
0x00007ff8a20e9103:   d0 85 d2 74 30 41 8d 4b 08 84 c0 74 14 45 84 d2
0x00007ff8a20e9113:   41 0f 45 cb 49 03 c9 48 83 c4 20 5b e9 1c d8 3c
0x00007ff8a20e9123:   00 45 84 d2 49 0f 45 cb 49 03 c9 48 83 c4 20 5b
0x00007ff8a20e9133:   e9 d8 d7 3c 00 33 c0 48 83 c4 20 5b c3 48 85 d2
0x00007ff8a20e9143:   74 6a 44 0f b6 15 74 11 6f 00 41 b8 0c 00 00 00
0x00007ff8a20e9153:   45 84 d2 41 bb 10 00 00 00 41 8b c3 41 0f 45 c0
0x00007ff8a20e9163:   44 8b 04 10 45 8b c8 48 63 05 83 1f 6f 00 41 d1
0x00007ff8a20e9173:   f9 0f b6 0c 08 84 c9 45 0f 44 c8 45 85 c9 74 2c
0x00007ff8a20e9183:   84 c9 41 8d 4b 08 74 12 45 84 d2 41 0f 45 cb 48
0x00007ff8a20e9193:   03 ca 41 8b d1 e9 a3 d7 3c 00 45 84 d2 49 0f 45
0x00007ff8a20e91a3:   cb 48 03 ca 41 8b d1 e9 61 d7 3c 00 33 c0 c3 cc
0x00007ff8a20e91b3:   cc cc cc cc cc cc cc cc cc cc cc cc cc 48 83 ec
0x00007ff8a20e91c3:   28 48 8d 54 24 38 e8 62 ca ff ff 0f b6 44 24 38
0x00007ff8a20e91d3:   48 83 c4 28 c3 cc cc cc cc cc cc cc cc 48 83 ec
0x00007ff8a20e91e3:   28 48 8d 54 24 38 e8 42 ca ff ff 0f b7 44 24 38
0x00007ff8a20e91f3:   48 83 c4 28 c3 cc cc cc cc cc cc cc cc 48 83 ec
0x00007ff8a20e9203:   28 48 8d 54 24 38 e8 22 ca ff ff 8b 44 24 38 48
0x00007ff8a20e9213:   83 c4 28 c3 cc cc cc cc cc cc cc cc cc 48 83 ec
0x00007ff8a20e9223:   28 48 8d 54 24 38 e8 02 ca ff ff 48 8b 44 24 38
0x00007ff8a20e9233:   48 83 c4 28 c3 cc cc cc cc cc cc cc cc 48 83 ec
0x00007ff8a20e9243:   28 4c 8b c9 48 3b ca 74 58 44 0f b6 15 6d 10 6f
0x00007ff8a20e9253:   00 41 bb 10 00 00 00 45 84 d2 b9 0c 00 00 00 41 


Stack slot to memory mapping:
stack at sp + 0 slots: 0x00007ff8a21232b6 jvm.dll
stack at sp + 1 slots: 0x0000023aea81c800 is a thread
stack at sp + 2 slots: 0x0 is NULL
stack at sp + 3 slots: 0x0000023aea81c800 is a thread
stack at sp + 4 slots: 0x00007ff8a212ad72 jvm.dll
stack at sp + 5 slots: 0x0000023aea81c800 is a thread
stack at sp + 6 slots: 0x0 is NULL
stack at sp + 7 slots: 0x00000000ea81ccc0 is an unknown value


---------------  P R O C E S S  ---------------

Threads class SMR info:
_java_thread_list=0x0000023affd4c6b0, length=11, elements={
0x0000023aea81c800, 0x0000023aff304000, 0x0000023aff307800, 0x0000023affba4000,
0x0000023affba6800, 0x0000023affba8800, 0x0000023affba9800, 0x0000023affbad000,
0x0000023aff2e7000, 0x0000023affda3000, 0x0000023affd53800
}

Java Threads: ( => current thread )
=>0x0000023aea81c800 JavaThread "main" [_thread_in_vm, id=34408, stack(0x000000d899500000,0x000000d899600000)]
  0x0000023aff304000 JavaThread "Reference Handler" daemon [_thread_blocked, id=49840, stack(0x000000d899c00000,0x000000d899d00000)]
  0x0000023aff307800 JavaThread "Finalizer" daemon [_thread_blocked, id=73356, stack(0x000000d899d00000,0x000000d899e00000)]
  0x0000023affba4000 JavaThread "Signal Dispatcher" daemon [_thread_blocked, id=12296, stack(0x000000d899e00000,0x000000d899f00000)]
  0x0000023affba6800 JavaThread "Attach Listener" daemon [_thread_blocked, id=61196, stack(0x000000d899f00000,0x000000d89a000000)]
  0x0000023affba8800 JavaThread "C2 CompilerThread0" daemon [_thread_blocked, id=47428, stack(0x000000d89a000000,0x000000d89a100000)]
  0x0000023affba9800 JavaThread "C1 CompilerThread0" daemon [_thread_blocked, id=74700, stack(0x000000d89a100000,0x000000d89a200000)]
  0x0000023affbad000 JavaThread "Sweeper thread" daemon [_thread_blocked, id=39512, stack(0x000000d89a200000,0x000000d89a300000)]
  0x0000023aff2e7000 JavaThread "Common-Cleaner" daemon [_thread_blocked, id=72324, stack(0x000000d89a300000,0x000000d89a400000)]
  0x0000023affda3000 JavaThread "Monitor Ctrl-Break" daemon [_thread_in_native, id=20224, stack(0x000000d89a400000,0x000000d89a500000)]
  0x0000023affd53800 JavaThread "Service Thread" daemon [_thread_blocked, id=14096, stack(0x000000d89a500000,0x000000d89a600000)]

Other Threads:
  0x0000023aff2ff800 VMThread "VM Thread" [stack: 0x000000d899b00000,0x000000d899c00000] [id=68576]
  0x0000023affd54800 WatcherThread [stack: 0x000000d89a600000,0x000000d89a700000] [id=70932]
  0x0000023aea887000 GCTaskThread "GC Thread#0" [stack: 0x000000d899600000,0x000000d899700000] [id=83452]
  0x0000023aea8a9000 ConcurrentGCThread "G1 Main Marker" [stack: 0x000000d899700000,0x000000d899800000] [id=83316]
  0x0000023aea8ab000 ConcurrentGCThread "G1 Conc#0" [stack: 0x000000d899800000,0x000000d899900000] [id=68024]
  0x0000023aff1f3800 ConcurrentGCThread "G1 Refine#0" [stack: 0x000000d899900000,0x000000d899a00000] [id=82208]
  0x0000023aff1f5000 ConcurrentGCThread "G1 Young RemSet Sampling" [stack: 0x000000d899a00000,0x000000d899b00000] [id=81180]

Threads with active compile tasks:

VM state:not at safepoint (normal execution)

VM Mutex/Monitor currently owned by a thread: None

Heap address: 0x0000000703600000, size: 4042 MB, Compressed Oops mode: Zero based, Oop shift amount: 3
Narrow klass base: 0x0000000800000000, Narrow klass shift: 3
Compressed class space size: 1073741824 Address: 0x0000000800b40000

Heap:
 garbage-first heap   total 260096K, used 2048K [0x0000000703600000, 0x0000000800000000)
  region size 1024K, 3 young (3072K), 0 survivors (0K)
 Metaspace       used 965K, capacity 4538K, committed 4864K, reserved 1056768K
  class space    used 104K, capacity 403K, committed 512K, reserved 1048576K
Heap Regions: E=young(eden), S=young(survivor), O=old, HS=humongous(starts), HC=humongous(continues), CS=collection set, F=free, A=archive, TAMS=top-at-mark-start (previous, next)
|   0|0x0000000703600000, 0x0000000703600000, 0x0000000703700000|  0%| F|  |TAMS 0x0000000703600000, 0x0000000703600000| Untracked 
|   1|0x0000000703700000, 0x0000000703700000, 0x0000000703800000|  0%| F|  |TAMS 0x0000000703700000, 0x0000000703700000| Untracked 
|   2|0x0000000703800000, 0x0000000703800000, 0x0000000703900000|  0%| F|  |TAMS 0x0000000703800000, 0x0000000703800000| Untracked 
|   3|0x0000000703900000, 0x0000000703900000, 0x0000000703a00000|  0%| F|  |TAMS 0x0000000703900000, 0x0000000703900000| Untracked 
|   4|0x0000000703a00000, 0x0000000703a00000, 0x0000000703b00000|  0%| F|  |TAMS 0x0000000703a00000, 0x0000000703a00000| Untracked 
|   5|0x0000000703b00000, 0x0000000703b00000, 0x0000000703c00000|  0%| F|  |TAMS 0x0000000703b00000, 0x0000000703b00000| Untracked 
|   6|0x0000000703c00000, 0x0000000703c00000, 0x0000000703d00000|  0%| F|  |TAMS 0x0000000703c00000, 0x0000000703c00000| Untracked 
|   7|0x0000000703d00000, 0x0000000703d00000, 0x0000000703e00000|  0%| F|  |TAMS 0x0000000703d00000, 0x0000000703d00000| Untracked 
|   8|0x0000000703e00000, 0x0000000703e00000, 0x0000000703f00000|  0%| F|  |TAMS 0x0000000703e00000, 0x0000000703e00000| Untracked 
|   9|0x0000000703f00000, 0x0000000703f00000, 0x0000000704000000|  0%| F|  |TAMS 0x0000000703f00000, 0x0000000703f00000| Untracked 
|  10|0x0000000704000000, 0x0000000704000000, 0x0000000704100000|  0%| F|  |TAMS 0x0000000704000000, 0x0000000704000000| Untracked 
|  11|0x0000000704100000, 0x0000000704100000, 0x0000000704200000|  0%| F|  |TAMS 0x0000000704100000, 0x0000000704100000| Untracked 
|  12|0x0000000704200000, 0x0000000704200000, 0x0000000704300000|  0%| F|  |TAMS 0x0000000704200000, 0x0000000704200000| Untracked 
|  13|0x0000000704300000, 0x0000000704300000, 0x0000000704400000|  0%| F|  |TAMS 0x0000000704300000, 0x0000000704300000| Untracked 
|  14|0x0000000704400000, 0x0000000704400000, 0x0000000704500000|  0%| F|  |TAMS 0x0000000704400000, 0x0000000704400000| Untracked 
|  15|0x0000000704500000, 0x0000000704500000, 0x0000000704600000|  0%| F|  |TAMS 0x0000000704500000, 0x0000000704500000| Untracked 
|  16|0x0000000704600000, 0x0000000704600000, 0x0000000704700000|  0%| F|  |TAMS 0x0000000704600000, 0x0000000704600000| Untracked 
|  17|0x0000000704700000, 0x0000000704700000, 0x0000000704800000|  0%| F|  |TAMS 0x0000000704700000, 0x0000000704700000| Untracked 
|  18|0x0000000704800000, 0x0000000704800000, 0x0000000704900000|  0%| F|  |TAMS 0x0000000704800000, 0x0000000704800000| Untracked 
|  19|0x0000000704900000, 0x0000000704900000, 0x0000000704a00000|  0%| F|  |TAMS 0x0000000704900000, 0x0000000704900000| Untracked 
|  20|0x0000000704a00000, 0x0000000704a00000, 0x0000000704b00000|  0%| F|  |TAMS 0x0000000704a00000, 0x0000000704a00000| Untracked 
|  21|0x0000000704b00000, 0x0000000704b00000, 0x0000000704c00000|  0%| F|  |TAMS 0x0000000704b00000, 0x0000000704b00000| Untracked 
|  22|0x0000000704c00000, 0x0000000704c00000, 0x0000000704d00000|  0%| F|  |TAMS 0x0000000704c00000, 0x0000000704c00000| Untracked 
|  23|0x0000000704d00000, 0x0000000704d00000, 0x0000000704e00000|  0%| F|  |TAMS 0x0000000704d00000, 0x0000000704d00000| Untracked 
|  24|0x0000000704e00000, 0x0000000704e00000, 0x0000000704f00000|  0%| F|  |TAMS 0x0000000704e00000, 0x0000000704e00000| Untracked 
|  25|0x0000000704f00000, 0x0000000704f00000, 0x0000000705000000|  0%| F|  |TAMS 0x0000000704f00000, 0x0000000704f00000| Untracked 
|  26|0x0000000705000000, 0x0000000705000000, 0x0000000705100000|  0%| F|  |TAMS 0x0000000705000000, 0x0000000705000000| Untracked 
|  27|0x0000000705100000, 0x0000000705100000, 0x0000000705200000|  0%| F|  |TAMS 0x0000000705100000, 0x0000000705100000| Untracked 
|  28|0x0000000705200000, 0x0000000705200000, 0x0000000705300000|  0%| F|  |TAMS 0x0000000705200000, 0x0000000705200000| Untracked 
|  29|0x0000000705300000, 0x0000000705300000, 0x0000000705400000|  0%| F|  |TAMS 0x0000000705300000, 0x0000000705300000| Untracked 
|  30|0x0000000705400000, 0x0000000705400000, 0x0000000705500000|  0%| F|  |TAMS 0x0000000705400000, 0x0000000705400000| Untracked 
|  31|0x0000000705500000, 0x0000000705500000, 0x0000000705600000|  0%| F|  |TAMS 0x0000000705500000, 0x0000000705500000| Untracked 
|  32|0x0000000705600000, 0x0000000705600000, 0x0000000705700000|  0%| F|  |TAMS 0x0000000705600000, 0x0000000705600000| Untracked 
|  33|0x0000000705700000, 0x0000000705700000, 0x0000000705800000|  0%| F|  |TAMS 0x0000000705700000, 0x0000000705700000| Untracked 
|  34|0x0000000705800000, 0x0000000705800000, 0x0000000705900000|  0%| F|  |TAMS 0x0000000705800000, 0x0000000705800000| Untracked 
|  35|0x0000000705900000, 0x0000000705900000, 0x0000000705a00000|  0%| F|  |TAMS 0x0000000705900000, 0x0000000705900000| Untracked 
|  36|0x0000000705a00000, 0x0000000705a00000, 0x0000000705b00000|  0%| F|  |TAMS 0x0000000705a00000, 0x0000000705a00000| Untracked 
|  37|0x0000000705b00000, 0x0000000705b00000, 0x0000000705c00000|  0%| F|  |TAMS 0x0000000705b00000, 0x0000000705b00000| Untracked 
|  38|0x0000000705c00000, 0x0000000705c00000, 0x0000000705d00000|  0%| F|  |TAMS 0x0000000705c00000, 0x0000000705c00000| Untracked 
|  39|0x0000000705d00000, 0x0000000705d00000, 0x0000000705e00000|  0%| F|  |TAMS 0x0000000705d00000, 0x0000000705d00000| Untracked 
|  40|0x0000000705e00000, 0x0000000705e00000, 0x0000000705f00000|  0%| F|  |TAMS 0x0000000705e00000, 0x0000000705e00000| Untracked 
|  41|0x0000000705f00000, 0x0000000705f00000, 0x0000000706000000|  0%| F|  |TAMS 0x0000000705f00000, 0x0000000705f00000| Untracked 
|  42|0x0000000706000000, 0x0000000706000000, 0x0000000706100000|  0%| F|  |TAMS 0x0000000706000000, 0x0000000706000000| Untracked 
|  43|0x0000000706100000, 0x0000000706100000, 0x0000000706200000|  0%| F|  |TAMS 0x0000000706100000, 0x0000000706100000| Untracked 
|  44|0x0000000706200000, 0x0000000706200000, 0x0000000706300000|  0%| F|  |TAMS 0x0000000706200000, 0x0000000706200000| Untracked 
|  45|0x0000000706300000, 0x0000000706300000, 0x0000000706400000|  0%| F|  |TAMS 0x0000000706300000, 0x0000000706300000| Untracked 
|  46|0x0000000706400000, 0x0000000706400000, 0x0000000706500000|  0%| F|  |TAMS 0x0000000706400000, 0x0000000706400000| Untracked 
|  47|0x0000000706500000, 0x0000000706500000, 0x0000000706600000|  0%| F|  |TAMS 0x0000000706500000, 0x0000000706500000| Untracked 
|  48|0x0000000706600000, 0x0000000706600000, 0x0000000706700000|  0%| F|  |TAMS 0x0000000706600000, 0x0000000706600000| Untracked 
|  49|0x0000000706700000, 0x0000000706700000, 0x0000000706800000|  0%| F|  |TAMS 0x0000000706700000, 0x0000000706700000| Untracked 
|  50|0x0000000706800000, 0x0000000706800000, 0x0000000706900000|  0%| F|  |TAMS 0x0000000706800000, 0x0000000706800000| Untracked 
|  51|0x0000000706900000, 0x0000000706900000, 0x0000000706a00000|  0%| F|  |TAMS 0x0000000706900000, 0x0000000706900000| Untracked 
|  52|0x0000000706a00000, 0x0000000706a00000, 0x0000000706b00000|  0%| F|  |TAMS 0x0000000706a00000, 0x0000000706a00000| Untracked 
|  53|0x0000000706b00000, 0x0000000706b00000, 0x0000000706c00000|  0%| F|  |TAMS 0x0000000706b00000, 0x0000000706b00000| Untracked 
|  54|0x0000000706c00000, 0x0000000706c00000, 0x0000000706d00000|  0%| F|  |TAMS 0x0000000706c00000, 0x0000000706c00000| Untracked 
|  55|0x0000000706d00000, 0x0000000706d00000, 0x0000000706e00000|  0%| F|  |TAMS 0x0000000706d00000, 0x0000000706d00000| Untracked 
|  56|0x0000000706e00000, 0x0000000706e00000, 0x0000000706f00000|  0%| F|  |TAMS 0x0000000706e00000, 0x0000000706e00000| Untracked 
|  57|0x0000000706f00000, 0x0000000706f00000, 0x0000000707000000|  0%| F|  |TAMS 0x0000000706f00000, 0x0000000706f00000| Untracked 
|  58|0x0000000707000000, 0x0000000707000000, 0x0000000707100000|  0%| F|  |TAMS 0x0000000707000000, 0x0000000707000000| Untracked 
|  59|0x0000000707100000, 0x0000000707100000, 0x0000000707200000|  0%| F|  |TAMS 0x0000000707100000, 0x0000000707100000| Untracked 
|  60|0x0000000707200000, 0x0000000707200000, 0x0000000707300000|  0%| F|  |TAMS 0x0000000707200000, 0x0000000707200000| Untracked 
|  61|0x0000000707300000, 0x0000000707300000, 0x0000000707400000|  0%| F|  |TAMS 0x0000000707300000, 0x0000000707300000| Untracked 
|  62|0x0000000707400000, 0x0000000707400000, 0x0000000707500000|  0%| F|  |TAMS 0x0000000707400000, 0x0000000707400000| Untracked 
|  63|0x0000000707500000, 0x0000000707500000, 0x0000000707600000|  0%| F|  |TAMS 0x0000000707500000, 0x0000000707500000| Untracked 
|  64|0x0000000707600000, 0x0000000707600000, 0x0000000707700000|  0%| F|  |TAMS 0x0000000707600000, 0x0000000707600000| Untracked 
|  65|0x0000000707700000, 0x0000000707700000, 0x0000000707800000|  0%| F|  |TAMS 0x0000000707700000, 0x0000000707700000| Untracked 
|  66|0x0000000707800000, 0x0000000707800000, 0x0000000707900000|  0%| F|  |TAMS 0x0000000707800000, 0x0000000707800000| Untracked 
|  67|0x0000000707900000, 0x0000000707900000, 0x0000000707a00000|  0%| F|  |TAMS 0x0000000707900000, 0x0000000707900000| Untracked 
|  68|0x0000000707a00000, 0x0000000707a00000, 0x0000000707b00000|  0%| F|  |TAMS 0x0000000707a00000, 0x0000000707a00000| Untracked 
|  69|0x0000000707b00000, 0x0000000707b00000, 0x0000000707c00000|  0%| F|  |TAMS 0x0000000707b00000, 0x0000000707b00000| Untracked 
|  70|0x0000000707c00000, 0x0000000707c00000, 0x0000000707d00000|  0%| F|  |TAMS 0x0000000707c00000, 0x0000000707c00000| Untracked 
|  71|0x0000000707d00000, 0x0000000707d00000, 0x0000000707e00000|  0%| F|  |TAMS 0x0000000707d00000, 0x0000000707d00000| Untracked 
|  72|0x0000000707e00000, 0x0000000707e00000, 0x0000000707f00000|  0%| F|  |TAMS 0x0000000707e00000, 0x0000000707e00000| Untracked 
|  73|0x0000000707f00000, 0x0000000707f00000, 0x0000000708000000|  0%| F|  |TAMS 0x0000000707f00000, 0x0000000707f00000| Untracked 
|  74|0x0000000708000000, 0x0000000708000000, 0x0000000708100000|  0%| F|  |TAMS 0x0000000708000000, 0x0000000708000000| Untracked 
|  75|0x0000000708100000, 0x0000000708100000, 0x0000000708200000|  0%| F|  |TAMS 0x0000000708100000, 0x0000000708100000| Untracked 
|  76|0x0000000708200000, 0x0000000708200000, 0x0000000708300000|  0%| F|  |TAMS 0x0000000708200000, 0x0000000708200000| Untracked 
|  77|0x0000000708300000, 0x0000000708300000, 0x0000000708400000|  0%| F|  |TAMS 0x0000000708300000, 0x0000000708300000| Untracked 
|  78|0x0000000708400000, 0x0000000708400000, 0x0000000708500000|  0%| F|  |TAMS 0x0000000708400000, 0x0000000708400000| Untracked 
|  79|0x0000000708500000, 0x0000000708500000, 0x0000000708600000|  0%| F|  |TAMS 0x0000000708500000, 0x0000000708500000| Untracked 
|  80|0x0000000708600000, 0x0000000708600000, 0x0000000708700000|  0%| F|  |TAMS 0x0000000708600000, 0x0000000708600000| Untracked 
|  81|0x0000000708700000, 0x0000000708700000, 0x0000000708800000|  0%| F|  |TAMS 0x0000000708700000, 0x0000000708700000| Untracked 
|  82|0x0000000708800000, 0x0000000708800000, 0x0000000708900000|  0%| F|  |TAMS 0x0000000708800000, 0x0000000708800000| Untracked 
|  83|0x0000000708900000, 0x0000000708900000, 0x0000000708a00000|  0%| F|  |TAMS 0x0000000708900000, 0x0000000708900000| Untracked 
|  84|0x0000000708a00000, 0x0000000708a00000, 0x0000000708b00000|  0%| F|  |TAMS 0x0000000708a00000, 0x0000000708a00000| Untracked 
|  85|0x0000000708b00000, 0x0000000708b00000, 0x0000000708c00000|  0%| F|  |TAMS 0x0000000708b00000, 0x0000000708b00000| Untracked 
|  86|0x0000000708c00000, 0x0000000708c00000, 0x0000000708d00000|  0%| F|  |TAMS 0x0000000708c00000, 0x0000000708c00000| Untracked 
|  87|0x0000000708d00000, 0x0000000708d00000, 0x0000000708e00000|  0%| F|  |TAMS 0x0000000708d00000, 0x0000000708d00000| Untracked 
|  88|0x0000000708e00000, 0x0000000708e00000, 0x0000000708f00000|  0%| F|  |TAMS 0x0000000708e00000, 0x0000000708e00000| Untracked 
|  89|0x0000000708f00000, 0x0000000708f00000, 0x0000000709000000|  0%| F|  |TAMS 0x0000000708f00000, 0x0000000708f00000| Untracked 
|  90|0x0000000709000000, 0x0000000709000000, 0x0000000709100000|  0%| F|  |TAMS 0x0000000709000000, 0x0000000709000000| Untracked 
|  91|0x0000000709100000, 0x0000000709100000, 0x0000000709200000|  0%| F|  |TAMS 0x0000000709100000, 0x0000000709100000| Untracked 
|  92|0x0000000709200000, 0x0000000709200000, 0x0000000709300000|  0%| F|  |TAMS 0x0000000709200000, 0x0000000709200000| Untracked 
|  93|0x0000000709300000, 0x0000000709300000, 0x0000000709400000|  0%| F|  |TAMS 0x0000000709300000, 0x0000000709300000| Untracked 
|  94|0x0000000709400000, 0x0000000709400000, 0x0000000709500000|  0%| F|  |TAMS 0x0000000709400000, 0x0000000709400000| Untracked 
|  95|0x0000000709500000, 0x0000000709500000, 0x0000000709600000|  0%| F|  |TAMS 0x0000000709500000, 0x0000000709500000| Untracked 
|  96|0x0000000709600000, 0x0000000709600000, 0x0000000709700000|  0%| F|  |TAMS 0x0000000709600000, 0x0000000709600000| Untracked 
|  97|0x0000000709700000, 0x0000000709700000, 0x0000000709800000|  0%| F|  |TAMS 0x0000000709700000, 0x0000000709700000| Untracked 
|  98|0x0000000709800000, 0x0000000709800000, 0x0000000709900000|  0%| F|  |TAMS 0x0000000709800000, 0x0000000709800000| Untracked 
|  99|0x0000000709900000, 0x0000000709900000, 0x0000000709a00000|  0%| F|  |TAMS 0x0000000709900000, 0x0000000709900000| Untracked 
| 100|0x0000000709a00000, 0x0000000709a00000, 0x0000000709b00000|  0%| F|  |TAMS 0x0000000709a00000, 0x0000000709a00000| Untracked 
| 101|0x0000000709b00000, 0x0000000709b00000, 0x0000000709c00000|  0%| F|  |TAMS 0x0000000709b00000, 0x0000000709b00000| Untracked 
| 102|0x0000000709c00000, 0x0000000709c00000, 0x0000000709d00000|  0%| F|  |TAMS 0x0000000709c00000, 0x0000000709c00000| Untracked 
| 103|0x0000000709d00000, 0x0000000709d00000, 0x0000000709e00000|  0%| F|  |TAMS 0x0000000709d00000, 0x0000000709d00000| Untracked 
| 104|0x0000000709e00000, 0x0000000709e00000, 0x0000000709f00000|  0%| F|  |TAMS 0x0000000709e00000, 0x0000000709e00000| Untracked 
| 105|0x0000000709f00000, 0x0000000709f00000, 0x000000070a000000|  0%| F|  |TAMS 0x0000000709f00000, 0x0000000709f00000| Untracked 
| 106|0x000000070a000000, 0x000000070a000000, 0x000000070a100000|  0%| F|  |TAMS 0x000000070a000000, 0x000000070a000000| Untracked 
| 107|0x000000070a100000, 0x000000070a100000, 0x000000070a200000|  0%| F|  |TAMS 0x000000070a100000, 0x000000070a100000| Untracked 
| 108|0x000000070a200000, 0x000000070a200000, 0x000000070a300000|  0%| F|  |TAMS 0x000000070a200000, 0x000000070a200000| Untracked 
| 109|0x000000070a300000, 0x000000070a300000, 0x000000070a400000|  0%| F|  |TAMS 0x000000070a300000, 0x000000070a300000| Untracked 
| 110|0x000000070a400000, 0x000000070a400000, 0x000000070a500000|  0%| F|  |TAMS 0x000000070a400000, 0x000000070a400000| Untracked 
| 111|0x000000070a500000, 0x000000070a500000, 0x000000070a600000|  0%| F|  |TAMS 0x000000070a500000, 0x000000070a500000| Untracked 
| 112|0x000000070a600000, 0x000000070a600000, 0x000000070a700000|  0%| F|  |TAMS 0x000000070a600000, 0x000000070a600000| Untracked 
| 113|0x000000070a700000, 0x000000070a700000, 0x000000070a800000|  0%| F|  |TAMS 0x000000070a700000, 0x000000070a700000| Untracked 
| 114|0x000000070a800000, 0x000000070a800000, 0x000000070a900000|  0%| F|  |TAMS 0x000000070a800000, 0x000000070a800000| Untracked 
| 115|0x000000070a900000, 0x000000070a900000, 0x000000070aa00000|  0%| F|  |TAMS 0x000000070a900000, 0x000000070a900000| Untracked 
| 116|0x000000070aa00000, 0x000000070aa00000, 0x000000070ab00000|  0%| F|  |TAMS 0x000000070aa00000, 0x000000070aa00000| Untracked 
| 117|0x000000070ab00000, 0x000000070ab00000, 0x000000070ac00000|  0%| F|  |TAMS 0x000000070ab00000, 0x000000070ab00000| Untracked 
| 118|0x000000070ac00000, 0x000000070ac00000, 0x000000070ad00000|  0%| F|  |TAMS 0x000000070ac00000, 0x000000070ac00000| Untracked 
| 119|0x000000070ad00000, 0x000000070ad00000, 0x000000070ae00000|  0%| F|  |TAMS 0x000000070ad00000, 0x000000070ad00000| Untracked 
| 120|0x000000070ae00000, 0x000000070ae00000, 0x000000070af00000|  0%| F|  |TAMS 0x000000070ae00000, 0x000000070ae00000| Untracked 
| 121|0x000000070af00000, 0x000000070af00000, 0x000000070b000000|  0%| F|  |TAMS 0x000000070af00000, 0x000000070af00000| Untracked 
| 122|0x000000070b000000, 0x000000070b000000, 0x000000070b100000|  0%| F|  |TAMS 0x000000070b000000, 0x000000070b000000| Untracked 
| 123|0x000000070b100000, 0x000000070b100000, 0x000000070b200000|  0%| F|  |TAMS 0x000000070b100000, 0x000000070b100000| Untracked 
| 124|0x000000070b200000, 0x000000070b200000, 0x000000070b300000|  0%| F|  |TAMS 0x000000070b200000, 0x000000070b200000| Untracked 
| 125|0x000000070b300000, 0x000000070b300000, 0x000000070b400000|  0%| F|  |TAMS 0x000000070b300000, 0x000000070b300000| Untracked 
| 126|0x000000070b400000, 0x000000070b400000, 0x000000070b500000|  0%| F|  |TAMS 0x000000070b400000, 0x000000070b400000| Untracked 
| 127|0x000000070b500000, 0x000000070b500000, 0x000000070b600000|  0%| F|  |TAMS 0x000000070b500000, 0x000000070b500000| Untracked 
| 128|0x000000070b600000, 0x000000070b600000, 0x000000070b700000|  0%| F|  |TAMS 0x000000070b600000, 0x000000070b600000| Untracked 
| 129|0x000000070b700000, 0x000000070b700000, 0x000000070b800000|  0%| F|  |TAMS 0x000000070b700000, 0x000000070b700000| Untracked 
| 130|0x000000070b800000, 0x000000070b800000, 0x000000070b900000|  0%| F|  |TAMS 0x000000070b800000, 0x000000070b800000| Untracked 
| 131|0x000000070b900000, 0x000000070b900000, 0x000000070ba00000|  0%| F|  |TAMS 0x000000070b900000, 0x000000070b900000| Untracked 
| 132|0x000000070ba00000, 0x000000070ba00000, 0x000000070bb00000|  0%| F|  |TAMS 0x000000070ba00000, 0x000000070ba00000| Untracked 
| 133|0x000000070bb00000, 0x000000070bb00000, 0x000000070bc00000|  0%| F|  |TAMS 0x000000070bb00000, 0x000000070bb00000| Untracked 
| 134|0x000000070bc00000, 0x000000070bc00000, 0x000000070bd00000|  0%| F|  |TAMS 0x000000070bc00000, 0x000000070bc00000| Untracked 
| 135|0x000000070bd00000, 0x000000070bd00000, 0x000000070be00000|  0%| F|  |TAMS 0x000000070bd00000, 0x000000070bd00000| Untracked 
| 136|0x000000070be00000, 0x000000070be00000, 0x000000070bf00000|  0%| F|  |TAMS 0x000000070be00000, 0x000000070be00000| Untracked 
| 137|0x000000070bf00000, 0x000000070bf00000, 0x000000070c000000|  0%| F|  |TAMS 0x000000070bf00000, 0x000000070bf00000| Untracked 
| 138|0x000000070c000000, 0x000000070c000000, 0x000000070c100000|  0%| F|  |TAMS 0x000000070c000000, 0x000000070c000000| Untracked 
| 139|0x000000070c100000, 0x000000070c100000, 0x000000070c200000|  0%| F|  |TAMS 0x000000070c100000, 0x000000070c100000| Untracked 
| 140|0x000000070c200000, 0x000000070c200000, 0x000000070c300000|  0%| F|  |TAMS 0x000000070c200000, 0x000000070c200000| Untracked 
| 141|0x000000070c300000, 0x000000070c300000, 0x000000070c400000|  0%| F|  |TAMS 0x000000070c300000, 0x000000070c300000| Untracked 
| 142|0x000000070c400000, 0x000000070c400000, 0x000000070c500000|  0%| F|  |TAMS 0x000000070c400000, 0x000000070c400000| Untracked 
| 143|0x000000070c500000, 0x000000070c500000, 0x000000070c600000|  0%| F|  |TAMS 0x000000070c500000, 0x000000070c500000| Untracked 
| 144|0x000000070c600000, 0x000000070c600000, 0x000000070c700000|  0%| F|  |TAMS 0x000000070c600000, 0x000000070c600000| Untracked 
| 145|0x000000070c700000, 0x000000070c700000, 0x000000070c800000|  0%| F|  |TAMS 0x000000070c700000, 0x000000070c700000| Untracked 
| 146|0x000000070c800000, 0x000000070c800000, 0x000000070c900000|  0%| F|  |TAMS 0x000000070c800000, 0x000000070c800000| Untracked 
| 147|0x000000070c900000, 0x000000070c900000, 0x000000070ca00000|  0%| F|  |TAMS 0x000000070c900000, 0x000000070c900000| Untracked 
| 148|0x000000070ca00000, 0x000000070ca00000, 0x000000070cb00000|  0%| F|  |TAMS 0x000000070ca00000, 0x000000070ca00000| Untracked 
| 149|0x000000070cb00000, 0x000000070cb00000, 0x000000070cc00000|  0%| F|  |TAMS 0x000000070cb00000, 0x000000070cb00000| Untracked 
| 150|0x000000070cc00000, 0x000000070cc00000, 0x000000070cd00000|  0%| F|  |TAMS 0x000000070cc00000, 0x000000070cc00000| Untracked 
| 151|0x000000070cd00000, 0x000000070cd00000, 0x000000070ce00000|  0%| F|  |TAMS 0x000000070cd00000, 0x000000070cd00000| Untracked 
| 152|0x000000070ce00000, 0x000000070ce00000, 0x000000070cf00000|  0%| F|  |TAMS 0x000000070ce00000, 0x000000070ce00000| Untracked 
| 153|0x000000070cf00000, 0x000000070cf00000, 0x000000070d000000|  0%| F|  |TAMS 0x000000070cf00000, 0x000000070cf00000| Untracked 
| 154|0x000000070d000000, 0x000000070d000000, 0x000000070d100000|  0%| F|  |TAMS 0x000000070d000000, 0x000000070d000000| Untracked 
| 155|0x000000070d100000, 0x000000070d100000, 0x000000070d200000|  0%| F|  |TAMS 0x000000070d100000, 0x000000070d100000| Untracked 
| 156|0x000000070d200000, 0x000000070d200000, 0x000000070d300000|  0%| F|  |TAMS 0x000000070d200000, 0x000000070d200000| Untracked 
| 157|0x000000070d300000, 0x000000070d300000, 0x000000070d400000|  0%| F|  |TAMS 0x000000070d300000, 0x000000070d300000| Untracked 
| 158|0x000000070d400000, 0x000000070d400000, 0x000000070d500000|  0%| F|  |TAMS 0x000000070d400000, 0x000000070d400000| Untracked 
| 159|0x000000070d500000, 0x000000070d500000, 0x000000070d600000|  0%| F|  |TAMS 0x000000070d500000, 0x000000070d500000| Untracked 
| 160|0x000000070d600000, 0x000000070d600000, 0x000000070d700000|  0%| F|  |TAMS 0x000000070d600000, 0x000000070d600000| Untracked 
| 161|0x000000070d700000, 0x000000070d700000, 0x000000070d800000|  0%| F|  |TAMS 0x000000070d700000, 0x000000070d700000| Untracked 
| 162|0x000000070d800000, 0x000000070d800000, 0x000000070d900000|  0%| F|  |TAMS 0x000000070d800000, 0x000000070d800000| Untracked 
| 163|0x000000070d900000, 0x000000070d900000, 0x000000070da00000|  0%| F|  |TAMS 0x000000070d900000, 0x000000070d900000| Untracked 
| 164|0x000000070da00000, 0x000000070da00000, 0x000000070db00000|  0%| F|  |TAMS 0x000000070da00000, 0x000000070da00000| Untracked 
| 165|0x000000070db00000, 0x000000070db00000, 0x000000070dc00000|  0%| F|  |TAMS 0x000000070db00000, 0x000000070db00000| Untracked 
| 166|0x000000070dc00000, 0x000000070dc00000, 0x000000070dd00000|  0%| F|  |TAMS 0x000000070dc00000, 0x000000070dc00000| Untracked 
| 167|0x000000070dd00000, 0x000000070dd00000, 0x000000070de00000|  0%| F|  |TAMS 0x000000070dd00000, 0x000000070dd00000| Untracked 
| 168|0x000000070de00000, 0x000000070de00000, 0x000000070df00000|  0%| F|  |TAMS 0x000000070de00000, 0x000000070de00000| Untracked 
| 169|0x000000070df00000, 0x000000070df00000, 0x000000070e000000|  0%| F|  |TAMS 0x000000070df00000, 0x000000070df00000| Untracked 
| 170|0x000000070e000000, 0x000000070e000000, 0x000000070e100000|  0%| F|  |TAMS 0x000000070e000000, 0x000000070e000000| Untracked 
| 171|0x000000070e100000, 0x000000070e100000, 0x000000070e200000|  0%| F|  |TAMS 0x000000070e100000, 0x000000070e100000| Untracked 
| 172|0x000000070e200000, 0x000000070e200000, 0x000000070e300000|  0%| F|  |TAMS 0x000000070e200000, 0x000000070e200000| Untracked 
| 173|0x000000070e300000, 0x000000070e300000, 0x000000070e400000|  0%| F|  |TAMS 0x000000070e300000, 0x000000070e300000| Untracked 
| 174|0x000000070e400000, 0x000000070e400000, 0x000000070e500000|  0%| F|  |TAMS 0x000000070e400000, 0x000000070e400000| Untracked 
| 175|0x000000070e500000, 0x000000070e500000, 0x000000070e600000|  0%| F|  |TAMS 0x000000070e500000, 0x000000070e500000| Untracked 
| 176|0x000000070e600000, 0x000000070e600000, 0x000000070e700000|  0%| F|  |TAMS 0x000000070e600000, 0x000000070e600000| Untracked 
| 177|0x000000070e700000, 0x000000070e700000, 0x000000070e800000|  0%| F|  |TAMS 0x000000070e700000, 0x000000070e700000| Untracked 
| 178|0x000000070e800000, 0x000000070e800000, 0x000000070e900000|  0%| F|  |TAMS 0x000000070e800000, 0x000000070e800000| Untracked 
| 179|0x000000070e900000, 0x000000070e900000, 0x000000070ea00000|  0%| F|  |TAMS 0x000000070e900000, 0x000000070e900000| Untracked 
| 180|0x000000070ea00000, 0x000000070ea00000, 0x000000070eb00000|  0%| F|  |TAMS 0x000000070ea00000, 0x000000070ea00000| Untracked 
| 181|0x000000070eb00000, 0x000000070eb00000, 0x000000070ec00000|  0%| F|  |TAMS 0x000000070eb00000, 0x000000070eb00000| Untracked 
| 182|0x000000070ec00000, 0x000000070ec00000, 0x000000070ed00000|  0%| F|  |TAMS 0x000000070ec00000, 0x000000070ec00000| Untracked 
| 183|0x000000070ed00000, 0x000000070ed00000, 0x000000070ee00000|  0%| F|  |TAMS 0x000000070ed00000, 0x000000070ed00000| Untracked 
| 184|0x000000070ee00000, 0x000000070ee00000, 0x000000070ef00000|  0%| F|  |TAMS 0x000000070ee00000, 0x000000070ee00000| Untracked 
| 185|0x000000070ef00000, 0x000000070ef00000, 0x000000070f000000|  0%| F|  |TAMS 0x000000070ef00000, 0x000000070ef00000| Untracked 
| 186|0x000000070f000000, 0x000000070f000000, 0x000000070f100000|  0%| F|  |TAMS 0x000000070f000000, 0x000000070f000000| Untracked 
| 187|0x000000070f100000, 0x000000070f100000, 0x000000070f200000|  0%| F|  |TAMS 0x000000070f100000, 0x000000070f100000| Untracked 
| 188|0x000000070f200000, 0x000000070f200000, 0x000000070f300000|  0%| F|  |TAMS 0x000000070f200000, 0x000000070f200000| Untracked 
| 189|0x000000070f300000, 0x000000070f300000, 0x000000070f400000|  0%| F|  |TAMS 0x000000070f300000, 0x000000070f300000| Untracked 
| 190|0x000000070f400000, 0x000000070f400000, 0x000000070f500000|  0%| F|  |TAMS 0x000000070f400000, 0x000000070f400000| Untracked 
| 191|0x000000070f500000, 0x000000070f500000, 0x000000070f600000|  0%| F|  |TAMS 0x000000070f500000, 0x000000070f500000| Untracked 
| 192|0x000000070f600000, 0x000000070f600000, 0x000000070f700000|  0%| F|  |TAMS 0x000000070f600000, 0x000000070f600000| Untracked 
| 193|0x000000070f700000, 0x000000070f700000, 0x000000070f800000|  0%| F|  |TAMS 0x000000070f700000, 0x000000070f700000| Untracked 
| 194|0x000000070f800000, 0x000000070f800000, 0x000000070f900000|  0%| F|  |TAMS 0x000000070f800000, 0x000000070f800000| Untracked 
| 195|0x000000070f900000, 0x000000070f900000, 0x000000070fa00000|  0%| F|  |TAMS 0x000000070f900000, 0x000000070f900000| Untracked 
| 196|0x000000070fa00000, 0x000000070fa00000, 0x000000070fb00000|  0%| F|  |TAMS 0x000000070fa00000, 0x000000070fa00000| Untracked 
| 197|0x000000070fb00000, 0x000000070fb00000, 0x000000070fc00000|  0%| F|  |TAMS 0x000000070fb00000, 0x000000070fb00000| Untracked 
| 198|0x000000070fc00000, 0x000000070fc00000, 0x000000070fd00000|  0%| F|  |TAMS 0x000000070fc00000, 0x000000070fc00000| Untracked 
| 199|0x000000070fd00000, 0x000000070fd00000, 0x000000070fe00000|  0%| F|  |TAMS 0x000000070fd00000, 0x000000070fd00000| Untracked 
| 200|0x000000070fe00000, 0x000000070fe00000, 0x000000070ff00000|  0%| F|  |TAMS 0x000000070fe00000, 0x000000070fe00000| Untracked 
| 201|0x000000070ff00000, 0x000000070ff00000, 0x0000000710000000|  0%| F|  |TAMS 0x000000070ff00000, 0x000000070ff00000| Untracked 
| 202|0x0000000710000000, 0x0000000710000000, 0x0000000710100000|  0%| F|  |TAMS 0x0000000710000000, 0x0000000710000000| Untracked 
| 203|0x0000000710100000, 0x0000000710100000, 0x0000000710200000|  0%| F|  |TAMS 0x0000000710100000, 0x0000000710100000| Untracked 
| 204|0x0000000710200000, 0x0000000710200000, 0x0000000710300000|  0%| F|  |TAMS 0x0000000710200000, 0x0000000710200000| Untracked 
| 205|0x0000000710300000, 0x0000000710300000, 0x0000000710400000|  0%| F|  |TAMS 0x0000000710300000, 0x0000000710300000| Untracked 
| 206|0x0000000710400000, 0x0000000710400000, 0x0000000710500000|  0%| F|  |TAMS 0x0000000710400000, 0x0000000710400000| Untracked 
| 207|0x0000000710500000, 0x0000000710500000, 0x0000000710600000|  0%| F|  |TAMS 0x0000000710500000, 0x0000000710500000| Untracked 
| 208|0x0000000710600000, 0x0000000710600000, 0x0000000710700000|  0%| F|  |TAMS 0x0000000710600000, 0x0000000710600000| Untracked 
| 209|0x0000000710700000, 0x0000000710700000, 0x0000000710800000|  0%| F|  |TAMS 0x0000000710700000, 0x0000000710700000| Untracked 
| 210|0x0000000710800000, 0x0000000710800000, 0x0000000710900000|  0%| F|  |TAMS 0x0000000710800000, 0x0000000710800000| Untracked 
| 211|0x0000000710900000, 0x0000000710900000, 0x0000000710a00000|  0%| F|  |TAMS 0x0000000710900000, 0x0000000710900000| Untracked 
| 212|0x0000000710a00000, 0x0000000710a00000, 0x0000000710b00000|  0%| F|  |TAMS 0x0000000710a00000, 0x0000000710a00000| Untracked 
| 213|0x0000000710b00000, 0x0000000710b00000, 0x0000000710c00000|  0%| F|  |TAMS 0x0000000710b00000, 0x0000000710b00000| Untracked 
| 214|0x0000000710c00000, 0x0000000710c00000, 0x0000000710d00000|  0%| F|  |TAMS 0x0000000710c00000, 0x0000000710c00000| Untracked 
| 215|0x0000000710d00000, 0x0000000710d00000, 0x0000000710e00000|  0%| F|  |TAMS 0x0000000710d00000, 0x0000000710d00000| Untracked 
| 216|0x0000000710e00000, 0x0000000710e00000, 0x0000000710f00000|  0%| F|  |TAMS 0x0000000710e00000, 0x0000000710e00000| Untracked 
| 217|0x0000000710f00000, 0x0000000710f00000, 0x0000000711000000|  0%| F|  |TAMS 0x0000000710f00000, 0x0000000710f00000| Untracked 
| 218|0x0000000711000000, 0x0000000711000000, 0x0000000711100000|  0%| F|  |TAMS 0x0000000711000000, 0x0000000711000000| Untracked 
| 219|0x0000000711100000, 0x0000000711100000, 0x0000000711200000|  0%| F|  |TAMS 0x0000000711100000, 0x0000000711100000| Untracked 
| 220|0x0000000711200000, 0x0000000711200000, 0x0000000711300000|  0%| F|  |TAMS 0x0000000711200000, 0x0000000711200000| Untracked 
| 221|0x0000000711300000, 0x0000000711300000, 0x0000000711400000|  0%| F|  |TAMS 0x0000000711300000, 0x0000000711300000| Untracked 
| 222|0x0000000711400000, 0x0000000711400000, 0x0000000711500000|  0%| F|  |TAMS 0x0000000711400000, 0x0000000711400000| Untracked 
| 223|0x0000000711500000, 0x0000000711500000, 0x0000000711600000|  0%| F|  |TAMS 0x0000000711500000, 0x0000000711500000| Untracked 
| 224|0x0000000711600000, 0x0000000711600000, 0x0000000711700000|  0%| F|  |TAMS 0x0000000711600000, 0x0000000711600000| Untracked 
| 225|0x0000000711700000, 0x0000000711700000, 0x0000000711800000|  0%| F|  |TAMS 0x0000000711700000, 0x0000000711700000| Untracked 
| 226|0x0000000711800000, 0x0000000711800000, 0x0000000711900000|  0%| F|  |TAMS 0x0000000711800000, 0x0000000711800000| Untracked 
| 227|0x0000000711900000, 0x0000000711900000, 0x0000000711a00000|  0%| F|  |TAMS 0x0000000711900000, 0x0000000711900000| Untracked 
| 228|0x0000000711a00000, 0x0000000711a00000, 0x0000000711b00000|  0%| F|  |TAMS 0x0000000711a00000, 0x0000000711a00000| Untracked 
| 229|0x0000000711b00000, 0x0000000711b00000, 0x0000000711c00000|  0%| F|  |TAMS 0x0000000711b00000, 0x0000000711b00000| Untracked 
| 230|0x0000000711c00000, 0x0000000711c00000, 0x0000000711d00000|  0%| F|  |TAMS 0x0000000711c00000, 0x0000000711c00000| Untracked 
| 231|0x0000000711d00000, 0x0000000711d00000, 0x0000000711e00000|  0%| F|  |TAMS 0x0000000711d00000, 0x0000000711d00000| Untracked 
| 232|0x0000000711e00000, 0x0000000711e00000, 0x0000000711f00000|  0%| F|  |TAMS 0x0000000711e00000, 0x0000000711e00000| Untracked 
| 233|0x0000000711f00000, 0x0000000711f00000, 0x0000000712000000|  0%| F|  |TAMS 0x0000000711f00000, 0x0000000711f00000| Untracked 
| 234|0x0000000712000000, 0x0000000712000000, 0x0000000712100000|  0%| F|  |TAMS 0x0000000712000000, 0x0000000712000000| Untracked 
| 235|0x0000000712100000, 0x0000000712100000, 0x0000000712200000|  0%| F|  |TAMS 0x0000000712100000, 0x0000000712100000| Untracked 
| 236|0x0000000712200000, 0x0000000712200000, 0x0000000712300000|  0%| F|  |TAMS 0x0000000712200000, 0x0000000712200000| Untracked 
| 237|0x0000000712300000, 0x0000000712300000, 0x0000000712400000|  0%| F|  |TAMS 0x0000000712300000, 0x0000000712300000| Untracked 
| 238|0x0000000712400000, 0x0000000712400000, 0x0000000712500000|  0%| F|  |TAMS 0x0000000712400000, 0x0000000712400000| Untracked 
| 239|0x0000000712500000, 0x0000000712500000, 0x0000000712600000|  0%| F|  |TAMS 0x0000000712500000, 0x0000000712500000| Untracked 
| 240|0x0000000712600000, 0x0000000712600000, 0x0000000712700000|  0%| F|  |TAMS 0x0000000712600000, 0x0000000712600000| Untracked 
| 241|0x0000000712700000, 0x0000000712700000, 0x0000000712800000|  0%| F|  |TAMS 0x0000000712700000, 0x0000000712700000| Untracked 
| 242|0x0000000712800000, 0x0000000712800000, 0x0000000712900000|  0%| F|  |TAMS 0x0000000712800000, 0x0000000712800000| Untracked 
| 243|0x0000000712900000, 0x0000000712900000, 0x0000000712a00000|  0%| F|  |TAMS 0x0000000712900000, 0x0000000712900000| Untracked 
| 244|0x0000000712a00000, 0x0000000712a00000, 0x0000000712b00000|  0%| F|  |TAMS 0x0000000712a00000, 0x0000000712a00000| Untracked 
| 245|0x0000000712b00000, 0x0000000712b00000, 0x0000000712c00000|  0%| F|  |TAMS 0x0000000712b00000, 0x0000000712b00000| Untracked 
| 246|0x0000000712c00000, 0x0000000712c00000, 0x0000000712d00000|  0%| F|  |TAMS 0x0000000712c00000, 0x0000000712c00000| Untracked 
| 247|0x0000000712d00000, 0x0000000712d00000, 0x0000000712e00000|  0%| F|  |TAMS 0x0000000712d00000, 0x0000000712d00000| Untracked 
| 248|0x0000000712e00000, 0x0000000712e00000, 0x0000000712f00000|  0%| F|  |TAMS 0x0000000712e00000, 0x0000000712e00000| Untracked 
| 249|0x0000000712f00000, 0x0000000712f00000, 0x0000000713000000|  0%| F|  |TAMS 0x0000000712f00000, 0x0000000712f00000| Untracked 
| 250|0x0000000713000000, 0x0000000713000000, 0x0000000713100000|  0%| F|  |TAMS 0x0000000713000000, 0x0000000713000000| Untracked 
| 251|0x0000000713100000, 0x000000071317b638, 0x0000000713200000| 48%| E|  |TAMS 0x0000000713100000, 0x0000000713100000| Complete 
| 252|0x0000000713200000, 0x0000000713300000, 0x0000000713300000|100%| E|CS|TAMS 0x0000000713200000, 0x0000000713200000| Complete 
| 253|0x0000000713300000, 0x0000000713400000, 0x0000000713400000|100%| E|CS|TAMS 0x0000000713300000, 0x0000000713300000| Complete 

Card table byte_map: [0x0000023af3950000,0x0000023af4140000] _byte_map_base: 0x0000023af0135000

Marking Bits (Prev, Next): (CMBitMap*) 0x0000023aea887c98, (CMBitMap*) 0x0000023aea887cd8
 Prev Bits: [0x0000023af4930000, 0x0000023af8858000)
 Next Bits: [0x0000023af8860000, 0x0000023afc788000)

Polling page: 0x0000023ae85e0000

Metaspace:

Usage:
  Non-class:      4.04 MB capacity,   860.60 KB ( 21%) used,     3.20 MB ( 79%) free+waste,     1.75 KB ( <1%) overhead. 
      Class:    403.00 KB capacity,   104.64 KB ( 26%) used,   297.23 KB ( 74%) free+waste,     1.13 KB ( <1%) overhead. 
       Both:      4.43 MB capacity,   965.24 KB ( 21%) used,     3.49 MB ( 79%) free+waste,     2.88 KB ( <1%) overhead. 

Virtual space:
  Non-class space:        8.00 MB reserved,       4.25 MB ( 53%) committed 
      Class space:        1.00 GB reserved,     512.00 KB ( <1%) committed 
             Both:        1.01 GB reserved,       4.75 MB ( <1%) committed 

Chunk freelists:
   Non-Class:  1.00 KB
       Class:  0 bytes
        Both:  1.00 KB

MaxMetaspaceSize: 17179869184.00 GB
CompressedClassSpaceSize: 1.00 GB

CodeHeap 'non-profiled nmethods': size=120000Kb used=69Kb max_used=69Kb free=119931Kb
 bounds [0x0000023a87ad0000, 0x0000023a87d40000, 0x0000023a8f000000]
CodeHeap 'profiled nmethods': size=120000Kb used=250Kb max_used=250Kb free=119750Kb
 bounds [0x0000023a805a0000, 0x0000023a80810000, 0x0000023a87ad0000]
CodeHeap 'non-nmethods': size=5760Kb used=1138Kb max_used=1144Kb free=4621Kb
 bounds [0x0000023a80000000, 0x0000023a80270000, 0x0000023a805a0000]
 total_blobs=891 nmethods=201 adapters=275
 compilation: enabled
              stopped_count=0, restarted_count=0
 full_count=0

Compilation events (20 events):
Event: 0.087 Thread 0x0000023affba9800  189       3       java.lang.String::charAt (25 bytes)
Event: 0.087 Thread 0x0000023affba9800 nmethod 189 0x0000023a805db290 code [0x0000023a805db480, 0x0000023a805dba20]
Event: 0.087 Thread 0x0000023affba9800  188       3       java.lang.invoke.MethodType$ConcurrentWeakInternSet::get (47 bytes)
Event: 0.087 Thread 0x0000023affba9800 

Event: 0.088 Thread 0x0000023affba9800  190       3       java.lang.String::isEmpty (14 bytes)
Event: 0.088 Thread 0x0000023affba9800 nmethod 190 0x0000023a805dbc10 code [0x0000023a805dbdc0, 0x0000023a805dbfb8]
Event: 0.088 Thread 0x0000023affba9800  191       1       java.lang.invoke.MethodType::form (5 bytes)
Event: 0.088 Thread 0x0000023affba9800 nmethod 191 0x0000023a87adfa10 code [0x0000023a87adfba0, 0x0000023a87adfcd8]
Event: 0.088 Thread 0x0000023affba9800  193       3       java.lang.invoke.MethodType::parameterCount (6 bytes)
Event: 0.088 Thread 0x0000023affba9800 nmethod 193 0x0000023a805dc090 code [0x0000023a805dc240, 0x0000023a805dc3d8]
Event: 0.410 Thread 0x0000023affba9800  195       3       java.lang.Class::getClassLoader (28 bytes)
Event: 0.411 Thread 0x0000023affba9800 nmethod 195 0x0000023a805dc490 code [0x0000023a805dc6e0, 0x0000023a805dd1c0]
Event: 0.412 Thread 0x0000023affba9800  196       1       java.lang.invoke.MethodType::ptypes (5 bytes)
Event: 0.412 Thread 0x0000023affba9800 nmethod 196 0x0000023a87ae0710 code [0x0000023a87ae08a0, 0x0000023a87ae09d8]
Event: 0.415 Thread 0x0000023affba9800  198       1       java.lang.reflect.Method::getName (5 bytes)
Event: 0.415 Thread 0x0000023affba9800 nmethod 198 0x0000023a87ae0a90 code [0x0000023a87ae0c20, 0x0000023a87ae0d58]
Event: 0.438 Thread 0x0000023affba9800  199       3       java.lang.invoke.MethodType::checkSlotCount (33 bytes)
Event: 0.439 Thread 0x0000023affba9800 nmethod 199 0x0000023a805dd510 code [0x0000023a805dd760, 0x0000023a805de0c0]
Event: 0.440 Thread 0x0000023affba9800  201       3       java.lang.invoke.MethodType::parameterType (7 bytes)
Event: 0.440 Thread 0x0000023affba9800 nmethod 201 0x0000023a805de410 code [0x0000023a805de5c0, 0x0000023a805de778]

GC Heap History (0 events):
No events

Deoptimization events (4 events):
Event: 0.085 Thread 0x0000023aea81c800 Uncommon trap: trap_request=0xffffff45 fr.pc=0x0000023a87adef30 relative=0x0000000000000090
Event: 0.085 Thread 0x0000023aea81c800 Uncommon trap: reason=unstable_if action=reinterpret pc=0x0000023a87adef30 method=java.lang.String.charAt(I)C @ 4 c2
Event: 0.086 Thread 0x0000023aea81c800 DEOPT PACKING pc=0x0000023a87adef30 sp=0x000000d8995feb20
Event: 0.086 Thread 0x0000023aea81c800 DEOPT UNPACKING pc=0x0000023a8000852f sp=0x000000d8995feac0 mode 2

Classes unloaded (0 events):
No events

Classes redefined (0 events):
No events

Internal exceptions (0 events):
No events

Events (20 events):
Event: 0.438 loading class sun/net/spi/DefaultProxySelector$NonProxyInfo
Event: 0.438 loading class sun/net/spi/DefaultProxySelector$NonProxyInfo done
Event: 0.438 loading class sun/net/spi/DefaultProxySelector$4
Event: 0.438 loading class sun/net/spi/DefaultProxySelector$4 done
Event: 0.439 loading class sun/net/NetHooks
Event: 0.439 loading class sun/net/NetHooks done
Event: 0.439 loading class java/io/BufferedReader
Event: 0.439 loading class java/io/BufferedReader done
Event: 0.439 loading class java/net/Socket$SocketInputStream
Event: 0.440 loading class java/net/Socket$SocketInputStream done
Event: 0.440 loading class sun/nio/ch/NioSocketImpl$1
Event: 0.440 loading class sun/nio/ch/NioSocketImpl$1 done
Event: 0.440 loading class sun/nio/cs/StreamDecoder
Event: 0.440 loading class sun/nio/cs/StreamDecoder done
Event: 0.440 loading class sun/nio/cs/US_ASCII$Decoder
Event: 0.440 loading class sun/nio/cs/US_ASCII$Decoder done
Event: 0.440 loading class sun/nio/ch/Util$BufferCache
Event: 0.440 loading class sun/nio/ch/Util$BufferCache done
Event: 0.441 loading class java/nio/DirectByteBuffer$Deallocator
Event: 0.441 loading class java/nio/DirectByteBuffer$Deallocator done


Dynamic libraries:
0x00007ff6451a0000 - 0x00007ff6451af000 	C:\Program Files\Java\jdk-13.0.2\bin\java.exe
0x00007ff919040000 - 0x00007ff919230000 	C:\windows\SYSTEM32\ntdll.dll
0x00007ff918290000 - 0x00007ff918342000 	C:\windows\System32\KERNEL32.DLL
0x00007ff916610000 - 0x00007ff9168b3000 	C:\windows\System32\KERNELBASE.dll
0x00007ff9162e0000 - 0x00007ff9163da000 	C:\windows\System32\ucrtbase.dll
0x00007ff907e60000 - 0x00007ff907e75000 	C:\Program Files\Java\jdk-13.0.2\bin\VCRUNTIME140.dll
0x00007ff90bc10000 - 0x00007ff90bc28000 	C:\Program Files\Java\jdk-13.0.2\bin\jli.dll
0x00007ff917550000 - 0x00007ff9175f3000 	C:\windows\System32\ADVAPI32.dll
0x00007ff918f60000 - 0x00007ff918ffe000 	C:\windows\System32\msvcrt.dll
0x00007ff918da0000 - 0x00007ff918e37000 	C:\windows\System32\sechost.dll
0x00007ff918e40000 - 0x00007ff918f60000 	C:\windows\System32\RPCRT4.dll
0x00007ff918920000 - 0x00007ff918ab4000 	C:\windows\System32\USER32.dll
0x00007ff9170c0000 - 0x00007ff9170e1000 	C:\windows\System32\win32u.dll
0x00007ff918ba0000 - 0x00007ff918bc6000 	C:\windows\System32\GDI32.dll
0x00007ff8fe820000 - 0x00007ff8feaa5000 	C:\windows\WinSxS\amd64_microsoft.windows.common-controls_6595b64144ccf1df_6.0.18362.720_none_e6beb5c51314836b\COMCTL32.dll
0x00007ff916070000 - 0x00007ff916204000 	C:\windows\System32\gdi32full.dll
0x00007ff9171a0000 - 0x00007ff9174d6000 	C:\windows\System32\combase.dll
0x00007ff915fd0000 - 0x00007ff91606e000 	C:\windows\System32\msvcp_win.dll
0x00007ff9168c0000 - 0x00007ff916940000 	C:\windows\System32\bcryptPrimitives.dll
0x00007ff90d490000 - 0x00007ff90d49a000 	C:\windows\SYSTEM32\VERSION.dll
0x00007ff918ac0000 - 0x00007ff918aee000 	C:\windows\System32\IMM32.DLL
0x00007ff9055d0000 - 0x00007ff90566b000 	C:\Program Files\Java\jdk-13.0.2\bin\msvcp140.dll
0x00007ff8a1d60000 - 0x00007ff8a28bd000 	C:\Program Files\Java\jdk-13.0.2\bin\server\jvm.dll
0x00007ff917890000 - 0x00007ff917898000 	C:\windows\System32\PSAPI.DLL
0x00007ff900410000 - 0x00007ff900434000 	C:\windows\SYSTEM32\WINMM.dll
0x00007ff90a000000 - 0x00007ff90a009000 	C:\windows\SYSTEM32\WSOCK32.dll
0x00007ff917600000 - 0x00007ff91766f000 	C:\windows\System32\WS2_32.dll
0x00007ff901060000 - 0x00007ff90108d000 	C:\windows\SYSTEM32\winmmbase.dll
0x00007ff916470000 - 0x00007ff9164ba000 	C:\windows\System32\cfgmgr32.dll
0x00007ff915fb0000 - 0x00007ff915fc1000 	C:\windows\System32\kernel.appcore.dll
0x00007ff90d2b0000 - 0x00007ff90d2c0000 	C:\Program Files\Java\jdk-13.0.2\bin\verify.dll
0x00007ff914880000 - 0x00007ff914a74000 	C:\windows\SYSTEM32\DBGHELP.DLL
0x00007ff9044d0000 - 0x00007ff9044fa000 	C:\windows\SYSTEM32\dbgcore.DLL
0x00007ff9055a0000 - 0x00007ff9055c6000 	C:\Program Files\Java\jdk-13.0.2\bin\java.dll
0x00007ff90b900000 - 0x00007ff90b90e000 	C:\Program Files\Java\jdk-13.0.2\bin\instrument.dll
0x00007ff906a10000 - 0x00007ff906a27000 	C:\Program Files\Java\jdk-13.0.2\bin\zip.dll
0x00007ff906900000 - 0x00007ff90690a000 	C:\Program Files\Java\jdk-13.0.2\bin\jimage.dll
0x00007ff917ba0000 - 0x00007ff918285000 	C:\windows\System32\SHELL32.dll
0x00007ff918af0000 - 0x00007ff918b99000 	C:\windows\System32\shcore.dll
0x00007ff916940000 - 0x00007ff9170c0000 	C:\windows\System32\windows.storage.dll
0x00007ff915f10000 - 0x00007ff915f33000 	C:\windows\System32\profapi.dll
0x00007ff915f60000 - 0x00007ff915faa000 	C:\windows\System32\powrprof.dll
0x00007ff915f00000 - 0x00007ff915f10000 	C:\windows\System32\UMPDC.dll
0x00007ff918350000 - 0x00007ff9183a2000 	C:\windows\System32\shlwapi.dll
0x00007ff9162c0000 - 0x00007ff9162d7000 	C:\windows\System32\cryptsp.dll
0x00007ff905430000 - 0x00007ff905449000 	C:\Program Files\Java\jdk-13.0.2\bin\net.dll
0x00007ff907770000 - 0x00007ff907861000 	C:\windows\SYSTEM32\WINHTTP.dll
0x00007ff915770000 - 0x00007ff9157d7000 	C:\windows\system32\mswsock.dll
0x00007ff9053f0000 - 0x00007ff905403000 	C:\Program Files\Java\jdk-13.0.2\bin\nio.dll
0x00007ff8f9750000 - 0x00007ff8f976a000 	C:\Program Files\JetBrains\IntelliJ IDEA Community Edition 2019.3.2\bin\breakgen64.dll
0x00007ff8e0880000 - 0x00007ff8e08c1000 	C:\Users\harte\Desktop\Ignite_JNI\JNIPassingVec\src\passvecjni.dll

dbghelp: loaded successfully - version: 4.0.5 - missing functions: none
symbol engine: initialized successfully - sym options: 0x614 - pdb path: .;C:\Program Files\Java\jdk-13.0.2\bin;C:\windows\SYSTEM32;C:\windows\WinSxS\amd64_microsoft.windows.common-controls_6595b64144ccf1df_6.0.18362.720_none_e6beb5c51314836b;C:\Program Files\Java\jdk-13.0.2\bin\server;C:\Program Files\JetBrains\IntelliJ IDEA Community Edition 2019.3.2\bin;C:\Users\harte\Desktop\Ignite_JNI\JNIPassingVec\src

VM Arguments:
jvm_args: -Djava.library.path=C:\Users\harte\Desktop\Ignite_JNI\JNIPassingVec\src -javaagent:C:\Program Files\JetBrains\IntelliJ IDEA Community Edition 2019.3.2\lib\idea_rt.jar=61079:C:\Program Files\JetBrains\IntelliJ IDEA Community Edition 2019.3.2\bin -Dfile.encoding=UTF-8 
java_command: passvecjni
java_class_path (initial): C:\Users\harte\Desktop\Ignite_JNI\JNIPassingVec\out\production\JNIPassingVec
Launcher Type: SUN_STANDARD

[Global flags]
     intx CICompilerCount                          = 4                                         {product} {ergonomic}
     uint ConcGCThreads                            = 2                                         {product} {ergonomic}
     uint G1ConcRefinementThreads                  = 8                                         {product} {ergonomic}
   size_t G1HeapRegionSize                         = 1048576                                   {product} {ergonomic}
    uintx GCDrainStackTargetSize                   = 64                                        {product} {ergonomic}
   size_t InitialHeapSize                          = 266338304                                 {product} {ergonomic}
   size_t MarkStackSize                            = 4194304                                   {product} {ergonomic}
   size_t MaxHeapSize                              = 4238344192                                {product} {ergonomic}
   size_t MaxNewSize                               = 2542796800                                {product} {ergonomic}
   size_t MinHeapDeltaBytes                        = 1048576                                   {product} {ergonomic}
   size_t MinHeapSize                              = 8388608                                   {product} {ergonomic}
    uintx NonNMethodCodeHeapSize                   = 5839372                                {pd product} {ergonomic}
    uintx NonProfiledCodeHeapSize                  = 122909434                              {pd product} {ergonomic}
    uintx ProfiledCodeHeapSize                     = 122909434                              {pd product} {ergonomic}
    uintx ReservedCodeCacheSize                    = 251658240                              {pd product} {ergonomic}
     bool SegmentedCodeCache                       = true                                      {product} {ergonomic}
   size_t SoftMaxHeapSize                          = 4238344192                             {manageable} {ergonomic}
     bool UseCompressedClassPointers               = true                                 {lp64_product} {ergonomic}
     bool UseCompressedOops                        = true                                 {lp64_product} {ergonomic}
     bool UseG1GC                                  = true                                      {product} {ergonomic}
     bool UseLargePagesIndividualAllocation        = false                                  {pd product} {ergonomic}

Logging:
Log output configuration:
 #0: stdout all=warning uptime,level,tags
 #1: stderr all=off uptime,level,tags

Environment Variables:
JAVA_HOME=C:\Program Files\Java\jdk-13.0.2
PATH=C:\Program Files (x86)\Common Files\Oracle\Java\javapath;C:\windows\system32;C:\windows;C:\windows\System32\Wbem;C:\windows\System32\WindowsPowerShell\v1.0\;C:\windows\System32\OpenSSH\;C:\Program Files (x86)\NVIDIA Corporation\PhysX\Common;C:\Program Files\NVIDIA Corporation\NVIDIA NvDLISR;C:\Users\harte\Desktop\work\apache-maven-3.6.3-bin\apache-maven-3.6.3\bin;C:\Users\harte\Desktop\work\apache-ignite-2.8.0-bin-try\apache-ignite-2.8.0-bin\examples\src\main\java\org\apache\ignite\examples\datagrid;C:\Users\harte\AppData\Local\Microsoft\WindowsApps;C:\Users\harte\AppData\Local\Programs\Microsoft VS Code\bin;C:\Users\harte\Desktop\work\vcpkg-2020.01\vcpkg-2020.01;C:\Program Files (x86)\Microsoft Visual Studio\2019\Community\MSBuild\Current\Bin;C:\Program Files\Java\jdk-13.0.2\bin;
USERNAME=harte
OS=Windows_NT
PROCESSOR_IDENTIFIER=Intel64 Family 6 Model 126 Stepping 5, GenuineIntel



---------------  S Y S T E M  ---------------

OS: Windows 10 , 64 bit Build 18362 (10.0.18362.329)

CPU:total 8 (initial active 8) (4 cores per cpu, 2 threads per core) family 6 model 126 stepping 5, cmov, cx8, fxsr, mmx, sse, sse2, sse3, ssse3, sse4.1, sse4.2, popcnt, avx, avx2, aes, clmul, erms, 3dnowpref, lzcnt, ht, tsc, tscinvbit, bmi1, bmi2, adx, evex, sha, fma

Memory: 4k page, system-wide physical 16165M (6063M free)
TotalPageFile size 32785M (AvailPageFile size 12986M)
current process WorkingSet (physical memory assigned to process): 34M, peak: 34M
current process commit charge ("private bytes"): 347M, peak: 347M

vm_info: Java HotSpot(TM) 64-Bit Server VM (13.0.2+8) for windows-amd64 JRE (13.0.2+8), built on Dec 11 2019 09:20:33 by "mach5one" with unknown MS VC++:1916

END.
